<?xml version="1.0" encoding="UTF-8"?>
<!-- Generated by org.testng.reporters.JUnitXMLReporter -->
<testsuite hostname="DESKTOP-RSEF481" ignored="0" name="Default test" tests="10" failures="0" timestamp="17 Nov 2017 13:40:45 GMT" time="132.686" errors="0">
  <testcase name="Scenario1" time="31.772" classname="provarTest.TestCase"/>
  <testcase name="Scenario2" time="1.875" classname="provarTest.TestCase"/>
  <testcase name="Scenario3" time="6.249" classname="provarTest.TestCase"/>
  <testcase name="Scenario4" time="4.602" classname="provarTest.TestCase"/>
  <testcase name="Scenario5" time="4.797" classname="provarTest.TestCase"/>
  <testcase name="Scenario6" time="14.35" classname="provarTest.TestCase"/>
  <testcase name="Scenario7" time="5.47" classname="provarTest.TestCase"/>
  <testcase name="Scenario8" time="14.637" classname="provarTest.TestCase"/>
  <testcase name="Scenario9" time="19.494" classname="provarTest.TestCase"/>
  <testcase name="Scenario10" time="17.619" classname="provarTest.TestCase"/>
</testsuite> <!-- Default test -->
