<?xml version="1.0" encoding="UTF-8"?>
<testng-results skipped="0" failed="0" ignored="0" total="10" passed="10">
  <reporter-output>
  </reporter-output>
  <suite name="Default suite" duration-ms="132686" started-at="2017-11-17T13:38:33Z" finished-at="2017-11-17T13:40:45Z">
    <groups>
    </groups>
    <test name="Default test" duration-ms="132686" started-at="2017-11-17T13:38:33Z" finished-at="2017-11-17T13:40:45Z">
      <class name="provarTest.TestCase">
        <test-method status="PASS" signature="Initial()[pri:0, instance:provarTest.TestCase@6d4b1c02]" name="Initial" is-config="true" duration-ms="11783" started-at="2017-11-17T19:08:33Z" finished-at="2017-11-17T19:08:44Z">
          <reporter-output>
          </reporter-output>
        </test-method> <!-- Initial -->
        <test-method status="PASS" signature="Scenario1()[pri:1, instance:provarTest.TestCase@6d4b1c02]" name="Scenario1" duration-ms="31772" started-at="2017-11-17T19:08:44Z" finished-at="2017-11-17T19:09:16Z">
          <reporter-output>
          </reporter-output>
        </test-method> <!-- Scenario1 -->
        <test-method status="PASS" signature="Scenario2()[pri:2, instance:provarTest.TestCase@6d4b1c02]" name="Scenario2" duration-ms="1875" started-at="2017-11-17T19:09:16Z" finished-at="2017-11-17T19:09:18Z">
          <reporter-output>
          </reporter-output>
        </test-method> <!-- Scenario2 -->
        <test-method status="PASS" signature="Scenario3()[pri:3, instance:provarTest.TestCase@6d4b1c02]" name="Scenario3" duration-ms="6249" started-at="2017-11-17T19:09:18Z" finished-at="2017-11-17T19:09:24Z">
          <reporter-output>
          </reporter-output>
        </test-method> <!-- Scenario3 -->
        <test-method status="PASS" signature="Scenario4()[pri:4, instance:provarTest.TestCase@6d4b1c02]" name="Scenario4" duration-ms="4602" started-at="2017-11-17T19:09:24Z" finished-at="2017-11-17T19:09:29Z">
          <reporter-output>
          </reporter-output>
        </test-method> <!-- Scenario4 -->
        <test-method status="PASS" signature="Scenario5()[pri:5, instance:provarTest.TestCase@6d4b1c02]" name="Scenario5" duration-ms="4797" started-at="2017-11-17T19:09:29Z" finished-at="2017-11-17T19:09:34Z">
          <reporter-output>
          </reporter-output>
        </test-method> <!-- Scenario5 -->
        <test-method status="PASS" signature="Scenario6()[pri:6, instance:provarTest.TestCase@6d4b1c02]" name="Scenario6" duration-ms="14350" started-at="2017-11-17T19:09:34Z" finished-at="2017-11-17T19:09:48Z">
          <reporter-output>
          </reporter-output>
        </test-method> <!-- Scenario6 -->
        <test-method status="PASS" signature="Scenario7()[pri:7, instance:provarTest.TestCase@6d4b1c02]" name="Scenario7" duration-ms="5470" started-at="2017-11-17T19:09:48Z" finished-at="2017-11-17T19:09:53Z">
          <reporter-output>
          </reporter-output>
        </test-method> <!-- Scenario7 -->
        <test-method status="PASS" signature="Scenario8()[pri:8, instance:provarTest.TestCase@6d4b1c02]" name="Scenario8" duration-ms="14637" started-at="2017-11-17T19:09:53Z" finished-at="2017-11-17T19:10:08Z">
          <reporter-output>
          </reporter-output>
        </test-method> <!-- Scenario8 -->
        <test-method status="PASS" signature="Scenario9()[pri:9, instance:provarTest.TestCase@6d4b1c02]" name="Scenario9" duration-ms="19494" started-at="2017-11-17T19:10:08Z" finished-at="2017-11-17T19:10:28Z">
          <reporter-output>
          </reporter-output>
        </test-method> <!-- Scenario9 -->
        <test-method status="PASS" signature="Scenario10()[pri:10, instance:provarTest.TestCase@6d4b1c02]" name="Scenario10" duration-ms="17619" started-at="2017-11-17T19:10:28Z" finished-at="2017-11-17T19:10:45Z">
          <reporter-output>
          </reporter-output>
        </test-method> <!-- Scenario10 -->
      </class> <!-- provarTest.TestCase -->
    </test> <!-- Default test -->
  </suite> <!-- Default suite -->
</testng-results>
